; Input Files 
 "D:\4GIT_DEMO\EI09_BusOff_F\04_Configuration\01_ISOLAR\ArCfg\CDD\SWC_CPLD.arxml"
 "D:\4GIT_DEMO\EI09_BusOff_F\04_Configuration\01_ISOLAR\ArCfg\CDD\SWC_DiagCalib.arxml"
 "D:\4GIT_DEMO\EI09_BusOff_F\04_Configuration\01_ISOLAR\ArCfg\CDD\SWC_Epark.arxml"
 "D:\4GIT_DEMO\EI09_BusOff_F\04_Configuration\01_ISOLAR\ArCfg\CDD\SWC_HvMcu.arxml"
 "D:\4GIT_DEMO\EI09_BusOff_F\04_Configuration\01_ISOLAR\ArCfg\CDD\SWC_Igbt.arxml"
 "D:\4GIT_DEMO\EI09_BusOff_F\04_Configuration\01_ISOLAR\ArCfg\CDD\SWC_LvPower.arxml"
 "D:\4GIT_DEMO\EI09_BusOff_F\04_Configuration\01_ISOLAR\ArCfg\CDD\SWC_PhC.arxml"
 "D:\4GIT_DEMO\EI09_BusOff_F\04_Configuration\01_ISOLAR\ArCfg\CDD\SWC_Pwm3ph.arxml"
 "D:\4GIT_DEMO\EI09_BusOff_F\04_Configuration\01_ISOLAR\ArCfg\CDD\SWC_Rdc.arxml"
 "D:\4GIT_DEMO\EI09_BusOff_F\04_Configuration\01_ISOLAR\ArCfg\CDD\SWC_SBL.arxml"
 "D:\4GIT_DEMO\EI09_BusOff_F\04_Configuration\01_ISOLAR\ArCfg\CDD\SWC_Snapshot.arxml"
 "D:\4GIT_DEMO\EI09_BusOff_F\04_Configuration\01_ISOLAR\ArCfg\CDD\SWC_Tja1043.arxml"
 "D:\4GIT_DEMO\EI09_BusOff_F\04_Configuration\01_ISOLAR\ArCfg\Config\BSW\BSWMD\BswM_Cfg_BSWMD.arxml"
 "D:\4GIT_DEMO\EI09_BusOff_F\04_Configuration\01_ISOLAR\ArCfg\Config\BSW\BSWMD\CanIf_BSWMD.arxml"
 "D:\4GIT_DEMO\EI09_BusOff_F\04_Configuration\01_ISOLAR\ArCfg\Config\BSW\BSWMD\CanIf_Cfg_BSWMD.arxml"
 "D:\4GIT_DEMO\EI09_BusOff_F\04_Configuration\01_ISOLAR\ArCfg\Config\BSW\BSWMD\CanSM_BSWMD.arxml"
 "D:\4GIT_DEMO\EI09_BusOff_F\04_Configuration\01_ISOLAR\ArCfg\Config\BSW\BSWMD\CanSM_Cfg_BSWMD.arxml"
 "D:\4GIT_DEMO\EI09_BusOff_F\04_Configuration\01_ISOLAR\ArCfg\Config\BSW\BSWMD\CanTp_Cfg_BSWMD.arxml"
 "D:\4GIT_DEMO\EI09_BusOff_F\04_Configuration\01_ISOLAR\ArCfg\Config\BSW\BSWMD\Com_BSWMD.arxml"
 "D:\4GIT_DEMO\EI09_BusOff_F\04_Configuration\01_ISOLAR\ArCfg\Config\BSW\BSWMD\Com_Cfg_BSWMD.arxml"
 "D:\4GIT_DEMO\EI09_BusOff_F\04_Configuration\01_ISOLAR\ArCfg\Config\BSW\BSWMD\ComM_BSWMD.arxml"
 "D:\4GIT_DEMO\EI09_BusOff_F\04_Configuration\01_ISOLAR\ArCfg\Config\BSW\BSWMD\ComM_Cfg_BSWMD.arxml"
 "D:\4GIT_DEMO\EI09_BusOff_F\04_Configuration\01_ISOLAR\ArCfg\Config\BSW\BSWMD\Crc_Cfg_BSWMD.arxml"
 "D:\4GIT_DEMO\EI09_BusOff_F\04_Configuration\01_ISOLAR\ArCfg\Config\BSW\BSWMD\Dcm_Cfg_BSWMD.arxml"
 "D:\4GIT_DEMO\EI09_BusOff_F\04_Configuration\01_ISOLAR\ArCfg\Config\BSW\BSWMD\Dem_Cfg_BSWMD.arxml"
 "D:\4GIT_DEMO\EI09_BusOff_F\04_Configuration\01_ISOLAR\ArCfg\Config\BSW\BSWMD\E2E_BSWMD.arxml"
 "D:\4GIT_DEMO\EI09_BusOff_F\04_Configuration\01_ISOLAR\ArCfg\Config\BSW\BSWMD\Ea_BSWMD.arxml"
 "D:\4GIT_DEMO\EI09_BusOff_F\04_Configuration\01_ISOLAR\ArCfg\Config\BSW\BSWMD\EcuM_BSWMD.arxml"
 "D:\4GIT_DEMO\EI09_BusOff_F\04_Configuration\01_ISOLAR\ArCfg\Config\BSW\BSWMD\EcuM_Cfg_BSWMD.arxml"
 "D:\4GIT_DEMO\EI09_BusOff_F\04_Configuration\01_ISOLAR\ArCfg\Config\BSW\BSWMD\Fee_BSWMD.arxml"
 "D:\4GIT_DEMO\EI09_BusOff_F\04_Configuration\01_ISOLAR\ArCfg\Config\BSW\BSWMD\FiM_Cfg_BSWMD.arxml"
 "D:\4GIT_DEMO\EI09_BusOff_F\04_Configuration\01_ISOLAR\ArCfg\Config\BSW\BSWMD\MemIf_Cfg_BSWMD.arxml"
 "D:\4GIT_DEMO\EI09_BusOff_F\04_Configuration\01_ISOLAR\ArCfg\Config\BSW\BSWMD\NvM_Cfg_BSWMD.arxml"
 "D:\4GIT_DEMO\EI09_BusOff_F\04_Configuration\01_ISOLAR\ArCfg\Config\BSW\BSWMD\NvM_Static_Cfg_BSWMD.arxml"
 "D:\4GIT_DEMO\EI09_BusOff_F\04_Configuration\01_ISOLAR\ArCfg\Config\BSW\BSWMD\PduR_BSWMD.arxml"
 "D:\4GIT_DEMO\EI09_BusOff_F\04_Configuration\01_ISOLAR\ArCfg\Config\BSW\BSWMD\PduR_Cfg_BSWMD.arxml"
 "D:\4GIT_DEMO\EI09_BusOff_F\04_Configuration\01_ISOLAR\ArCfg\Config\BSW\BSWMD\rba_CUCELCompuMethods_BSWMD.arxml"
 "D:\4GIT_DEMO\EI09_BusOff_F\04_Configuration\01_ISOLAR\ArCfg\Config\BSW\BSWMD\rba_CUCELSwAddrMethod_BSWMD.arxml"
 "D:\4GIT_DEMO\EI09_BusOff_F\04_Configuration\01_ISOLAR\ArCfg\Config\BSW\BSWMD\rba_FeeFs2_BSWMD.arxml"
 "D:\4GIT_DEMO\EI09_BusOff_F\04_Configuration\01_ISOLAR\ArCfg\Config\BSW\BSWMD\WdgIf_Cfg_BSWMD.arxml"
 "D:\4GIT_DEMO\EI09_BusOff_F\04_Configuration\01_ISOLAR\ArCfg\Config\BSW\BSWMD\WdgM_Cfg_BSWMD.arxml"
 "D:\4GIT_DEMO\EI09_BusOff_F\04_Configuration\01_ISOLAR\ArCfg\Config\BSW\BSWMD\Xcp_Cfg_BSWMD.arxml"
 "D:\4GIT_DEMO\EI09_BusOff_F\04_Configuration\01_ISOLAR\ArCfg\Config\BSW\BSWMD\Xcp_Cfg_ModuleEntries_BSWMD.arxml"
 "D:\4GIT_DEMO\EI09_BusOff_F\04_Configuration\01_ISOLAR\ArCfg\Config\BSW\BSWMDDefs\Can_BSWMD.arxml"
 "D:\4GIT_DEMO\EI09_BusOff_F\04_Configuration\01_ISOLAR\ArCfg\Config\BSW\BSWMDDefs\CanIf_MainFunction_BSWMD.arxml"
 "D:\4GIT_DEMO\EI09_BusOff_F\04_Configuration\01_ISOLAR\ArCfg\Config\BSW\BSWMDDefs\EcuM_Core1_Core2_Cfg_BSWMD.arxml"
 "D:\4GIT_DEMO\EI09_BusOff_F\04_Configuration\01_ISOLAR\ArCfg\Config\BSW\BSWMDDefs\ExtWdg_BSWMD.arxml"
 "D:\4GIT_DEMO\EI09_BusOff_F\04_Configuration\01_ISOLAR\ArCfg\Config\BSW\BSWMDDefs\Fls_BSWMD.arxml"
 "D:\4GIT_DEMO\EI09_BusOff_F\04_Configuration\01_ISOLAR\ArCfg\Config\BSW\Can_Com_EcucValues.arxml"
 "D:\4GIT_DEMO\EI09_BusOff_F\04_Configuration\01_ISOLAR\ArCfg\Config\BSW\CanEcucValues_Import.arxml"
 "D:\4GIT_DEMO\EI09_BusOff_F\04_Configuration\01_ISOLAR\ArCfg\Config\BSW\CanEcucValues.arxml"
 "D:\4GIT_DEMO\EI09_BusOff_F\04_Configuration\01_ISOLAR\ArCfg\Config\BSW\Com_Model_Export.arxml"
 "D:\4GIT_DEMO\EI09_BusOff_F\04_Configuration\01_ISOLAR\ArCfg\Config\BSW\ComStack_Types.arxml"
 "D:\4GIT_DEMO\EI09_BusOff_F\04_Configuration\01_ISOLAR\ArCfg\Config\BSW\E2E_Config_EcucValues.arxml"
 "D:\4GIT_DEMO\EI09_BusOff_F\04_Configuration\01_ISOLAR\ArCfg\Config\BSW\EcuC_Model_Export.arxml"
 "D:\4GIT_DEMO\EI09_BusOff_F\04_Configuration\01_ISOLAR\ArCfg\Config\BSW\EcucValues\CanIf_BswMD_EcucValues.arxml"
 "D:\4GIT_DEMO\EI09_BusOff_F\04_Configuration\01_ISOLAR\ArCfg\Config\BSW\EcucValues\CanSM_BswMD_EcucValues.arxml"
 "D:\4GIT_DEMO\EI09_BusOff_F\04_Configuration\01_ISOLAR\ArCfg\Config\BSW\EcucValues\Com_BswMD_EcucValues.arxml"
 "D:\4GIT_DEMO\EI09_BusOff_F\04_Configuration\01_ISOLAR\ArCfg\Config\BSW\EcucValues\ComM_BswMD_EcucValues.arxml"
 "D:\4GIT_DEMO\EI09_BusOff_F\04_Configuration\01_ISOLAR\ArCfg\Config\BSW\EcucValues\ComStack_EcucValues.arxml"
 "D:\4GIT_DEMO\EI09_BusOff_F\04_Configuration\01_ISOLAR\ArCfg\Config\BSW\EcucValues\PduR_BswMD_EcucValues.arxml"
 "D:\4GIT_DEMO\EI09_BusOff_F\04_Configuration\01_ISOLAR\ArCfg\Config\BSW\EcucValues\Xcp_BswMD_EcucValues.arxml"
 "D:\4GIT_DEMO\EI09_BusOff_F\04_Configuration\01_ISOLAR\ArCfg\Config\BSW\EcucValuesDefs\Bfx_EcucValues.arxml"
 "D:\4GIT_DEMO\EI09_BusOff_F\04_Configuration\01_ISOLAR\ArCfg\Config\BSW\EcucValuesDefs\BswM_EcucValues.arxml"
 "D:\4GIT_DEMO\EI09_BusOff_F\04_Configuration\01_ISOLAR\ArCfg\Config\BSW\EcucValuesDefs\Crc_EcucValues.arxml"
 "D:\4GIT_DEMO\EI09_BusOff_F\04_Configuration\01_ISOLAR\ArCfg\Config\BSW\EcucValuesDefs\Det_EcucValues.arxml"
 "D:\4GIT_DEMO\EI09_BusOff_F\04_Configuration\01_ISOLAR\ArCfg\Config\BSW\EcucValuesDefs\Diag_EcucValues.arxml"
 "D:\4GIT_DEMO\EI09_BusOff_F\04_Configuration\01_ISOLAR\ArCfg\Config\BSW\EcucValuesDefs\EcuC_EcucValues.arxml"
 "D:\4GIT_DEMO\EI09_BusOff_F\04_Configuration\01_ISOLAR\ArCfg\Config\BSW\EcucValuesDefs\EcuM_EcucValues.arxml"
 "D:\4GIT_DEMO\EI09_BusOff_F\04_Configuration\01_ISOLAR\ArCfg\Config\BSW\EcucValuesDefs\Fls_EcucValues.arxml"
 "D:\4GIT_DEMO\EI09_BusOff_F\04_Configuration\01_ISOLAR\ArCfg\Config\BSW\EcucValuesDefs\MemIf_EcucValues.arxml"
 "D:\4GIT_DEMO\EI09_BusOff_F\04_Configuration\01_ISOLAR\ArCfg\Config\BSW\EcucValuesDefs\Nvm_EcucValues.arxml"
 "D:\4GIT_DEMO\EI09_BusOff_F\04_Configuration\01_ISOLAR\ArCfg\Config\BSW\EcucValuesDefs\Wdg_EcucValues.arxml"
 "D:\4GIT_DEMO\EI09_BusOff_F\04_Configuration\01_ISOLAR\ArCfg\Config\BSW\EcucValuesDefs\WdgIf_EcucValues.arxml"
 "D:\4GIT_DEMO\EI09_BusOff_F\04_Configuration\01_ISOLAR\ArCfg\Config\BSW\EcucValuesDefs\WdgM_EcucValues.arxml"
 "D:\4GIT_DEMO\EI09_BusOff_F\04_Configuration\01_ISOLAR\ArCfg\Config\BSW\EcucValuesDefs\Xcp_EcucValues.arxml"
 "D:\4GIT_DEMO\EI09_BusOff_F\04_Configuration\01_ISOLAR\ArCfg\Config\BSW\Mem4Diag_EcucValues.arxml"
 "D:\4GIT_DEMO\EI09_BusOff_F\04_Configuration\01_ISOLAR\ArCfg\Config\BSW\Platform_Types.arxml"
 "D:\4GIT_DEMO\EI09_BusOff_F\04_Configuration\01_ISOLAR\ArCfg\Config\BSW\PlatformBase_Types.arxml"
 "D:\4GIT_DEMO\EI09_BusOff_F\04_Configuration\01_ISOLAR\ArCfg\Config\BSW\PlatformBaseOld_Types.arxml"
 "D:\4GIT_DEMO\EI09_BusOff_F\04_Configuration\01_ISOLAR\ArCfg\Config\BSW\PlatformOld_Types.arxml"
 "D:\4GIT_DEMO\EI09_BusOff_F\04_Configuration\01_ISOLAR\ArCfg\Config\BSW\PlatformSwBasePatch_Types.arxml"
 "D:\4GIT_DEMO\EI09_BusOff_F\04_Configuration\01_ISOLAR\ArCfg\Config\BSW\Project_EcucValues.arxml"
 "D:\4GIT_DEMO\EI09_BusOff_F\04_Configuration\01_ISOLAR\ArCfg\Config\BSW\SWCD\BswM_Cfg_SWCD.arxml"
 "D:\4GIT_DEMO\EI09_BusOff_F\04_Configuration\01_ISOLAR\ArCfg\Config\BSW\SWCD\ComM_Cfg_SWCD.arxml"
 "D:\4GIT_DEMO\EI09_BusOff_F\04_Configuration\01_ISOLAR\ArCfg\Config\BSW\SWCD\ComM_SWCD.arxml"
 "D:\4GIT_DEMO\EI09_BusOff_F\04_Configuration\01_ISOLAR\ArCfg\Config\BSW\SWCD\Dcm_Cfg_SWCD.arxml"
 "D:\4GIT_DEMO\EI09_BusOff_F\04_Configuration\01_ISOLAR\ArCfg\Config\BSW\SWCD\Dem_Cfg_SWCD.arxml"
 "D:\4GIT_DEMO\EI09_BusOff_F\04_Configuration\01_ISOLAR\ArCfg\Config\BSW\SWCD\Det_Cfg_SWCD.arxml"
 "D:\4GIT_DEMO\EI09_BusOff_F\04_Configuration\01_ISOLAR\ArCfg\Config\BSW\SWCD\EcuM_Cfg_SWCD.arxml"
 "D:\4GIT_DEMO\EI09_BusOff_F\04_Configuration\01_ISOLAR\ArCfg\Config\BSW\SWCD\FiM_Cfg_SWCD.arxml"
 "D:\4GIT_DEMO\EI09_BusOff_F\04_Configuration\01_ISOLAR\ArCfg\Config\BSW\SWCD\NvM_Cfg_SWCD.arxml"
 "D:\4GIT_DEMO\EI09_BusOff_F\04_Configuration\01_ISOLAR\ArCfg\Config\BSW\SWCD\WdgM_Cfg_SWCD.arxml"
 "D:\4GIT_DEMO\EI09_BusOff_F\04_Configuration\01_ISOLAR\ArCfg\DBC_SysDesc.arxml"
 "D:\4GIT_DEMO\EI09_BusOff_F\04_Configuration\01_ISOLAR\ArCfg\IOHWAB\IoHwAb_Interfaces.arxml"
 "D:\4GIT_DEMO\EI09_BusOff_F\04_Configuration\01_ISOLAR\ArCfg\IOHWAB\IoHwAbW.arxml"
 "D:\4GIT_DEMO\EI09_BusOff_F\04_Configuration\01_ISOLAR\ArCfg\MCU_FlatMap.arxml"
 "D:\4GIT_DEMO\EI09_BusOff_F\04_Configuration\01_ISOLAR\ArCfg\MCU_FlatView_SWCD.arxml"
 "D:\4GIT_DEMO\EI09_BusOff_F\04_Configuration\01_ISOLAR\ArCfg\SWC\Diag_SWC.arxml"
 "D:\4GIT_DEMO\EI09_BusOff_F\04_Configuration\01_ISOLAR\ArCfg\SWC\NvM_SWC.arxml"
 "D:\4GIT_DEMO\EI09_BusOff_F\04_Configuration\01_ISOLAR\ArCfg\SWC\SWC_BCC.arxml"
 "D:\4GIT_DEMO\EI09_BusOff_F\04_Configuration\01_ISOLAR\ArCfg\SWC\SWC_CSPF.arxml"
 "D:\4GIT_DEMO\EI09_BusOff_F\04_Configuration\01_ISOLAR\ArCfg\SWC\SWC_HSPF.arxml"
 "D:\4GIT_DEMO\EI09_BusOff_F\04_Configuration\01_ISOLAR\ArCfg\SWC\SWC_MCF.arxml"
 "D:\4GIT_DEMO\EI09_BusOff_F\04_Configuration\01_ISOLAR\ArCfg\SWC\SWC_MDF.arxml"
 "D:\4GIT_DEMO\EI09_BusOff_F\04_Configuration\01_ISOLAR\ArCfg\SWC\SWC_MPC.arxml"
 "D:\4GIT_DEMO\EI09_BusOff_F\04_Configuration\01_ISOLAR\ArCfg\SWC\SWC_PCF.arxml"
 "D:\4GIT_DEMO\EI09_BusOff_F\04_Configuration\01_ISOLAR\ArCfg\SWC\SWC_RCF.arxml"
 "D:\4GIT_DEMO\EI09_BusOff_F\04_Configuration\01_ISOLAR\ArCfg\SWC\SWC_SCF.arxml"
 "D:\4GIT_DEMO\EI09_BusOff_F\04_Configuration\01_ISOLAR\ArCfg\SWC\SWC_Task_Core0.arxml"
 "D:\4GIT_DEMO\EI09_BusOff_F\04_Configuration\01_ISOLAR\ArCfg\SWC\SWC_Task_Core1.arxml"
 "D:\4GIT_DEMO\EI09_BusOff_F\04_Configuration\01_ISOLAR\ArCfg\SWC\SWC_Task_Core2.arxml"
 "D:\4GIT_DEMO\EI09_BusOff_F\04_Configuration\01_ISOLAR\ArCfg\SWC\SWC_TDC.arxml"
 "D:\4GIT_DEMO\EI09_BusOff_F\04_Configuration\01_ISOLAR\ArCfg\SWC\SWC_TPC.arxml"
 "D:\4GIT_DEMO\EI09_BusOff_F\04_Configuration\01_ISOLAR\ArCfg\SWC\SWC_VCF.arxml"
 "D:\4GIT_DEMO\EI09_BusOff_F\04_Configuration\01_ISOLAR\ArCfg\SWC\WdgM_SWC.arxml"
 "D:\4GIT_DEMO\EI09_BusOff_F\04_Configuration\01_ISOLAR\ArCfg\SYS\AUTOSAR_Interface.arxml"
 "D:\4GIT_DEMO\EI09_BusOff_F\04_Configuration\01_ISOLAR\ArCfg\SYS\Basic_Interfaces.arxml"
 "D:\4GIT_DEMO\EI09_BusOff_F\04_Configuration\01_ISOLAR\ArCfg\SYS\BswM_ModeMapping.arxml"
 "D:\4GIT_DEMO\EI09_BusOff_F\04_Configuration\01_ISOLAR\ArCfg\SYS\Fee_Diag_EcucValues.arxml"
 "D:\4GIT_DEMO\EI09_BusOff_F\04_Configuration\01_ISOLAR\ArCfg\SYS\mode.arxml"
 "D:\4GIT_DEMO\EI09_BusOff_F\04_Configuration\01_ISOLAR\ArCfg\SYS\Platform_EcucValues.arxml"
 "D:\4GIT_DEMO\EI09_BusOff_F\04_Configuration\01_ISOLAR\ArCfg\SYS\RTE_CFG.arxml"
 "D:\4GIT_DEMO\EI09_BusOff_F\04_Configuration\01_ISOLAR\ArCfg\SYS\StandardTypes.arxml"
 "D:\4GIT_DEMO\EI09_BusOff_F\04_Configuration\01_ISOLAR\ArCfg\SYS\System.arxml"
 "D:\4GIT_DEMO\EI09_BusOff_F\04_Configuration\01_ISOLAR\ArCfg\SYS\TopLevelComposition.arxml"
 "D:\4GIT_DEMO\EI09_BusOff_F\04_Configuration\01_ISOLAR\ArCfg\System_EcuExtr.arxml"
