----------------------------------------------------------------
Thu Apr 21 11:11:06 CST 2022:
Booting Derby version The Apache Software Foundation - Apache Derby - 10.8.2.2 - (1181258): instance a816c00e-0180-4a1a-19e9-0000096bca28 
on database directory C:\Users\yusenlin\Projects\TESSY\yu\tessy\persist\ite\edb  with class loader org.eclipse.osgi.internal.baseadaptor.DefaultClassLoader@2141f5a6 
Loaded from file:/C:/Program Files/Razorcat/TESSY_4.3/bin/plugins/org.apache.derby_10.8.2.2_v201605172130.jar
java.vendor=Oracle Corporation
java.runtime.version=1.8.0_171-b11
user.dir=C:\Program Files\Razorcat\TESSY_4.3\bin
derby.system.home=null
derby.stream.error.file=C:\Users\yusenlin\Projects\TESSY\yu\tessy\log\derby.log
Database Class Loader started - derby.database.classpath=''
----------------------------------------------------------------
Thu Apr 21 11:11:08 CST 2022:
Booting Derby version The Apache Software Foundation - Apache Derby - 10.8.2.2 - (1181258): instance 2c44c05e-0180-4a1a-19e9-0000096bca28 
on database directory C:\Users\yusenlin\Projects\TESSY\yu\tessy\persist\tessy\tessydb  with class loader org.eclipse.osgi.internal.baseadaptor.DefaultClassLoader@2141f5a6 
Loaded from file:/C:/Program Files/Razorcat/TESSY_4.3/bin/plugins/org.apache.derby_10.8.2.2_v201605172130.jar
java.vendor=Oracle Corporation
java.runtime.version=1.8.0_171-b11
user.dir=C:\Program Files\Razorcat\TESSY_4.3\bin
derby.system.home=null
derby.stream.error.file=C:\Users\yusenlin\Projects\TESSY\yu\tessy\log\derby.log
Database Class Loader started - derby.database.classpath=''
----------------------------------------------------------------
Thu Apr 21 11:11:09 CST 2022:
Booting Derby version The Apache Software Foundation - Apache Derby - 10.8.2.2 - (1181258): instance 01b7c0e6-0180-4a1a-19e9-0000096bca28 
on database directory C:\Users\yusenlin\Projects\TESSY\yu\tessy\persist\ite\itedb  with class loader org.eclipse.osgi.internal.baseadaptor.DefaultClassLoader@2141f5a6 
Loaded from file:/C:/Program Files/Razorcat/TESSY_4.3/bin/plugins/org.apache.derby_10.8.2.2_v201605172130.jar
java.vendor=Oracle Corporation
java.runtime.version=1.8.0_171-b11
user.dir=C:\Program Files\Razorcat\TESSY_4.3\bin
derby.system.home=null
derby.stream.error.file=C:\Users\yusenlin\Projects\TESSY\yu\tessy\persist\ite\derby.log
Database Class Loader started - derby.database.classpath=''
----------------------------------------------------------------
Thu Apr 21 11:11:19 CST 2022:
Booting Derby version The Apache Software Foundation - Apache Derby - 10.8.2.2 - (1181258): instance 6d0301d9-0180-4a1a-19e9-0000096bca28 
on database directory C:\Users\yusenlin\Projects\TESSY\yu\tessy\persist\ite\cache  with class loader org.eclipse.osgi.internal.baseadaptor.DefaultClassLoader@2141f5a6 
Loaded from file:/C:/Program Files/Razorcat/TESSY_4.3/bin/plugins/org.apache.derby_10.8.2.2_v201605172130.jar
java.vendor=Oracle Corporation
java.runtime.version=1.8.0_171-b11
user.dir=C:\Program Files\Razorcat\TESSY_4.3\bin
derby.system.home=null
derby.stream.error.file=C:\Users\yusenlin\Projects\TESSY\yu\tessy\persist\ite\derby.log
Database Class Loader started - derby.database.classpath=''
----------------------------------------------------------------
Thu Apr 21 11:20:36 CST 2022:
Shutting down instance 2c44c05e-0180-4a1a-19e9-0000096bca28 on database directory C:\Users\yusenlin\Projects\TESSY\yu\tessy\persist\tessy\tessydb with class loader org.eclipse.osgi.internal.baseadaptor.DefaultClassLoader@2141f5a6 
